<?xml version="1.0" encoding="UTF-8"?>
<testng-results skipped="0" failed="0" total="2" passed="2">
  <reporter-output>
  </reporter-output>
  <suite name="Default suite" duration-ms="257019" started-at="2019-09-21T03:43:55Z" finished-at="2019-09-21T03:48:12Z">
    <groups>
    </groups>
    <test name="Default test" duration-ms="257019" started-at="2019-09-21T03:43:55Z" finished-at="2019-09-21T03:48:12Z">
      <class name="DataProvider.testclass">
        <test-method status="PASS" signature="setup()[pri:0, instance:DataProvider.testclass@140d5f0]" name="setup" is-config="true" duration-ms="30054" started-at="2019-09-21T09:13:56Z" finished-at="2019-09-21T09:14:26Z">
          <reporter-output>
          </reporter-output>
        </test-method> <!-- setup -->
        <test-method status="PASS" signature="Login(java.lang.String, java.lang.String)[pri:0, instance:DataProvider.testclass@140d5f0]" name="Login" duration-ms="180226" started-at="2019-09-21T09:14:26Z" data-provider="testdata" finished-at="2019-09-21T09:17:26Z">
          <params>
            <param index="0">
              <value>
                <![CDATA[brinder_kang@yahoo.co.in]]>
              </value>
            </param>
            <param index="1">
              <value>
                <![CDATA[minicooper2]]>
              </value>
            </param>
          </params>
          <reporter-output>
          </reporter-output>
        </test-method> <!-- Login -->
        <test-method status="PASS" signature="teardown()[pri:0, instance:DataProvider.testclass@140d5f0]" name="teardown" is-config="true" duration-ms="7214" started-at="2019-09-21T09:17:26Z" finished-at="2019-09-21T09:17:33Z">
          <reporter-output>
          </reporter-output>
        </test-method> <!-- teardown -->
        <test-method status="PASS" signature="setup()[pri:0, instance:DataProvider.testclass@140d5f0]" name="setup" is-config="true" duration-ms="11877" started-at="2019-09-21T09:17:33Z" finished-at="2019-09-21T09:17:45Z">
          <reporter-output>
          </reporter-output>
        </test-method> <!-- setup -->
        <test-method status="PASS" signature="Login(java.lang.String, java.lang.String)[pri:0, instance:DataProvider.testclass@140d5f0]" name="Login" duration-ms="23511" started-at="2019-09-21T09:17:45Z" data-provider="testdata" finished-at="2019-09-21T09:18:08Z">
          <params>
            <param index="0">
              <value>
                <![CDATA[manavkang@yahoo.com]]>
              </value>
            </param>
            <param index="1">
              <value>
                <![CDATA[124585.0]]>
              </value>
            </param>
          </params>
          <reporter-output>
          </reporter-output>
        </test-method> <!-- Login -->
        <test-method status="PASS" signature="teardown()[pri:0, instance:DataProvider.testclass@140d5f0]" name="teardown" is-config="true" duration-ms="3508" started-at="2019-09-21T09:18:08Z" finished-at="2019-09-21T09:18:12Z">
          <reporter-output>
          </reporter-output>
        </test-method> <!-- teardown -->
      </class> <!-- DataProvider.testclass -->
    </test> <!-- Default test -->
  </suite> <!-- Default suite -->
</testng-results>
